   Resolving package versions...
  No Changes to `~/contInf/Project.toml`
  No Changes to `~/contInf/Manifest.toml`
1-element Vector{Float64}:
 105.28295946799088
1-element Vector{Float64}:
 111.04759317587727
1-element Vector{Float64}:
 88.33218314045746
1-element Vector{Float64}:
 94.57216305906589
━━━━━━━━━━━━━━━━━━━━━━━━━━━━━━━━━━━━━━━━━━━━━━━━━━━━━━
────────────────── PALC ──────────────────

━━━━━━━━━━━━━━━━━━  INITIAL GUESS   ━━━━━━━━━━━━━━━━━━
┌─────────────────────────────────────────────────────┐
│ Newton step         residual      linear iterations │
├─────────────┬──────────────────────┬────────────────┤
│       0     │       1.0314e-01     │        0       │
│       1     │       3.0884e-03     │        1       │
│       2     │       2.7648e-06     │        1       │
│       3     │       4.5913e-10     │        1       │
│       4     │       1.2369e-10     │        1       │
│       5     │       3.2249e-11     │        1       │
└─────────────┴──────────────────────┴────────────────┘

──▶ convergence of initial guess = OK

──▶ parameter = 0.0, initial step

━━━━━━━━━━━━━━━━━━ INITIAL TANGENT  ━━━━━━━━━━━━━━━━━━
┌─────────────────────────────────────────────────────┐
│ Newton step         residual      linear iterations │
├─────────────┬──────────────────────┬────────────────┤
│       0     │       1.1638e-02     │        0       │
│       1     │       5.7365e-05     │        1       │
│       2     │       9.8344e-10     │        1       │
│       3     │       2.6749e-13     │        1       │
└─────────────┴──────────────────────┴────────────────┘

──▶ convergence of the initial guess = OK

──▶ parameter = 0.006666666666666667, initial step (bis)
Predictor:  Secant
━━━━━━━━━━━━━━━━━━━━━━━━━━━━━━━━━━━━━━━━━━━━━━━━━━━━━━━
Continuation step 0 
Step size = 1.0000e+00
Parameter step = 0.0000e+00 ⟶  1.0000e+00 [guess]

┌─────────────────────────────────────────────────────┐
│ Newton step         residual      linear iterations │
├─────────────┬──────────────────────┬────────────────┤
│       0     │       1.2299e+00     │        0       │
│       1     │       3.2581e-01     │        1       │
│       2     │       8.6666e-02     │        1       │
│       3     │       1.9209e-02     │        1       │
│       4     │       2.5825e-03     │        1       │
│       5     │       8.2666e-05     │        1       │
│       6     │       9.5845e-08     │        1       │
│       7     │       2.4944e-13     │        1       │
└─────────────┴──────────────────────┴────────────────┘
──▶ Step Converged in 7 Nonlinear Iteration(s)
Parameter step = 1.0000e+00 ⟶  1.0000e+00
Predictor:  Secant
━━━━━━━━━━━━━━━━━━━━━━━━━━━━━━━━━━━━━━━━━━━━━━━━━━━━━━
────────────────── PALC ──────────────────

━━━━━━━━━━━━━━━━━━  INITIAL GUESS   ━━━━━━━━━━━━━━━━━━
┌─────────────────────────────────────────────────────┐
│ Newton step         residual      linear iterations │
├─────────────┬──────────────────────┬────────────────┤
│       0     │       1.0314e-01     │        0       │
│       1     │       3.0884e-03     │        1       │
│       2     │       2.7648e-06     │        1       │
│       3     │       4.5913e-10     │        1       │
│       4     │       1.2369e-10     │        1       │
│       5     │       3.2249e-11     │        1       │
└─────────────┴──────────────────────┴────────────────┘

──▶ convergence of initial guess = OK

──▶ parameter = 0.0, initial step

━━━━━━━━━━━━━━━━━━ INITIAL TANGENT  ━━━━━━━━━━━━━━━━━━
┌─────────────────────────────────────────────────────┐
│ Newton step         residual      linear iterations │
├─────────────┬──────────────────────┬────────────────┤
│       0     │       2.6851e-02     │        0       │
│       1     │       2.3522e-04     │        1       │
│       2     │       1.4455e-08     │        1       │
│       3     │       2.0083e-12     │        1       │
└─────────────┴──────────────────────┴────────────────┘

──▶ convergence of the initial guess = OK

──▶ parameter = 0.002, initial step (bis)
Predictor:  Secant
━━━━━━━━━━━━━━━━━━━━━━━━━━━━━━━━━━━━━━━━━━━━━━━━━━━━━━━
Continuation step 0 
Step size = 3.0000e-01
Parameter step = 0.0000e+00 ⟶  3.8385e-01 [guess]

┌─────────────────────────────────────────────────────┐
│ Newton step         residual      linear iterations │
├─────────────┬──────────────────────┬────────────────┤
│       0     │       3.1076e-01     │        0       │
│       1     │       2.6370e-01     │        1       │
│       2     │       3.4524e-03     │        1       │
│       3     │       6.0777e-06     │        1       │
│       4     │       2.8835e-10     │        1       │
│       5     │       6.2975e-11     │        1       │
└─────────────┴──────────────────────┴────────────────┘
──▶ Step Converged in 5 Nonlinear Iteration(s)
Parameter step = 0.0000e+00 ⟶  3.8797e-01
Predictor:  Secant
━━━━━━━━━━━━━━━━━━━━━━━━━━━━━━━━━━━━━━━━━━━━━━━━━━━━━━━
Continuation step 1 
Step size = 3.9600e-01
Parameter step = 3.8797e-01 ⟶  8.9962e-01 [guess]

┌─────────────────────────────────────────────────────┐
│ Newton step         residual      linear iterations │
├─────────────┬──────────────────────┬────────────────┤
│       0     │       1.8677e+00     │        0       │
│       1     │       1.9817e-01     │        1       │
│       2     │       1.3849e-02     │        1       │
│       3     │       7.1965e-06     │        1       │
│       4     │       6.3676e-11     │        1       │
└─────────────┴──────────────────────┴────────────────┘
──▶ Step Converged in 4 Nonlinear Iteration(s)
Parameter step = 3.8797e-01 ⟶  9.4599e-01
Predictor:  Secant
━━━━━━━━━━━━━━━━━━━━━━━━━━━━━━━━━━━━━━━━━━━━━━━━━━━━━━━
Continuation step 2 
Step size = 5.3571e-01
Parameter step = 9.4599e-01 ⟶  1.0000e+00 [guess]

┌─────────────────────────────────────────────────────┐
│ Newton step         residual      linear iterations │
├─────────────┬──────────────────────┬────────────────┤
│       0     │       6.8283e+01     │        0       │
│       1     │       3.5291e+01     │        1       │
│       2     │       5.6171e+00     │        1       │
│       3     │       3.3348e+00     │        1       │
│       4     │       1.3058e+00     │        1       │
│       5     │       2.0764e-01     │        1       │
│       6     │       4.4532e-03     │        1       │
│       7     │       8.0315e-06     │        1       │
│       8     │       9.3033e-12     │        1       │
└─────────────┴──────────────────────┴────────────────┘
──▶ Step Converged in 8 Nonlinear Iteration(s)
Parameter step = 1.0000e+00 ⟶  1.0000e+00
Predictor:  Secant
Reached the end of the script. Just running benchmark now.
